[11:29:50.651 Verbose] - BuildManager - C:\Users\Kardelen\Desktop\Çalışmalarım\DevFramework\DevFramework\DevFramework.Db.Business\Concrete\Managers\ProductManager.cs(24,10): error CS0246: The type or namespace name 'FluentValidationAspectAttribute' could not be found (are you missing a using directive or an assembly reference?)
[11:29:50.651 Verbose] - BuildManager - C:\Users\Kardelen\Desktop\Çalışmalarım\DevFramework\DevFramework\DevFramework.Db.Business\Concrete\Managers\ProductManager.cs(24,10): error CS0246: The type or namespace name 'FluentValidationAspect' could not be found (are you missing a using directive or an assembly reference?)
[11:29:50.651 Verbose] - BuildManager - C:\Users\Kardelen\Desktop\Çalışmalarım\DevFramework\DevFramework\DevFramework.Db.Business\DependecyResolvers\Ninject\BusinessModule.cs(25,31): error CS0311: The type 'DevFramework.Db.DataAccess.Concrate.NortwindContext' cannot be used as type parameter 'TImplementation' in the generic type or method 'IBindingToSyntax<DbContext>.To<TImplementation>()'. There is no implicit reference conversion from 'DevFramework.Db.DataAccess.Concrate.NortwindContext' to 'Microsoft.EntityFrameworkCore.DbContext'.
[11:29:50.655 Verbose] - BuildManager - Some of the file paths defined in the csproj under the Live Unit Testing build path are missing. Verify whether these files should be present under the Live Unit Testing build path and if necessary update the csproj definition to look these files up in a different place.
[11:29:50.655 Verbose] - BuildManager - Item _OutputPathItem 'C:\Users\Kardelen\Desktop\Çalışmalarım\DevFramework\DevFramework\.vs\DevFramework\v16\lut\0\b\DevFramework.Db.Business\bin\Debug\' evaluated via:
_OutputPathItem: '$(OutDir)' @ C:\Program Files (x86)\Microsoft Visual Studio\2019\Enterprise\MSBuild\Current\Bin\Microsoft.Common.CurrentVersion.targets:272
  OutDir: 'C:\Users\Kardelen\Desktop\Çalışmalarım\DevFramework\DevFramework\.vs\DevFramework\v16\lut\0\b\DevFramework.Db.Business\bin\Debug\' @ C:\Users\Kardelen\Desktop\Çalışmalarım\DevFramework\DevFramework\DevFramework.Db.Business\DevFramework.Db.Business.csproj:0
[11:29:50.655 Verbose] - BuildManager - Item AppConfigFileDestination 'C:\Users\Kardelen\Desktop\Çalışmalarım\DevFramework\DevFramework\.vs\DevFramework\v16\lut\0\b\DevFramework.Db.Business\bin\Debug\DevFramework.Db.Business.dll.config' evaluated via:
AppConfigFileDestination: '$(OutDir)$(TargetFileName).config' @ C:\Program Files (x86)\Microsoft Visual Studio\2019\Enterprise\MSBuild\Current\Bin\Microsoft.Common.CurrentVersion.targets:303
  OutDir: 'C:\Users\Kardelen\Desktop\Çalışmalarım\DevFramework\DevFramework\.vs\DevFramework\v16\lut\0\b\DevFramework.Db.Business\bin\Debug\' @ C:\Users\Kardelen\Desktop\Çalışmalarım\DevFramework\DevFramework\DevFramework.Db.Business\DevFramework.Db.Business.csproj:0
  TargetFileName: '$(TargetName)$(TargetExt)' @ C:\Program Files (x86)\Microsoft Visual Studio\2019\Enterprise\MSBuild\Current\Bin\Microsoft.Common.CurrentVersion.targets:212
    TargetName: '$(AssemblyName)' @ C:\Program Files (x86)\Microsoft Visual Studio\2019\Enterprise\MSBuild\Current\Bin\Microsoft.Common.CurrentVersion.targets:204
      AssemblyName: 'DevFramework.Db.Business' @ C:\Users\Kardelen\Desktop\Çalışmalarım\DevFramework\DevFramework\DevFramework.Db.Business\DevFramework.Db.Business.csproj:12
    TargetExt: '.dll' @ C:\Program Files (x86)\Microsoft Visual Studio\2019\Enterprise\MSBuild\Current\Bin\Microsoft.Common.CurrentVersion.targets:183
[11:29:50.655 Verbose] - BuildManager - Item _DebugSymbolsOutputPath 'C:\Users\Kardelen\Desktop\Çalışmalarım\DevFramework\DevFramework\.vs\DevFramework\v16\lut\0\b\DevFramework.Db.Business\bin\Debug\DevFramework.Db.Business.pdb' evaluated via:
_DebugSymbolsOutputPath: '@(_DebugSymbolsIntermediatePath->'$(OutDir)%(Filename)%(Extension)')' @ C:\Program Files (x86)\Microsoft Visual Studio\2019\Enterprise\MSBuild\Current\Bin\Microsoft.Common.CurrentVersion.targets:372
  OutDir: 'C:\Users\Kardelen\Desktop\Çalışmalarım\DevFramework\DevFramework\.vs\DevFramework\v16\lut\0\b\DevFramework.Db.Business\bin\Debug\' @ C:\Users\Kardelen\Desktop\Çalışmalarım\DevFramework\DevFramework\DevFramework.Db.Business\DevFramework.Db.Business.csproj:0
[11:29:50.655 Verbose] - BuildManager - Item _ApplicationManifestFinal 'C:\Users\Kardelen\Desktop\Çalışmalarım\DevFramework\DevFramework\.vs\DevFramework\v16\lut\0\b\DevFramework.Db.Business\bin\Debug\Native.DevFramework.Db.Business.manifest' evaluated via:
_ApplicationManifestFinal: '$(OutDir)$(_DeploymentTargetApplicationManifestFileName)' @ C:\Program Files (x86)\Microsoft Visual Studio\2019\Enterprise\MSBuild\Current\Bin\Microsoft.Common.CurrentVersion.targets:410
  OutDir: 'C:\Users\Kardelen\Desktop\Çalışmalarım\DevFramework\DevFramework\.vs\DevFramework\v16\lut\0\b\DevFramework.Db.Business\bin\Debug\' @ C:\Users\Kardelen\Desktop\Çalışmalarım\DevFramework\DevFramework\DevFramework.Db.Business\DevFramework.Db.Business.csproj:0
  _DeploymentTargetApplicationManifestFileName: 'Native.$(AssemblyName).manifest' @ C:\Program Files (x86)\Microsoft Visual Studio\2019\Enterprise\MSBuild\Current\Bin\Microsoft.Common.CurrentVersion.targets:228
    AssemblyName: 'DevFramework.Db.Business' @ C:\Users\Kardelen\Desktop\Çalışmalarım\DevFramework\DevFramework\DevFramework.Db.Business\DevFramework.Db.Business.csproj:12
